<?xml version="1.0" encoding="UTF-8"?>
<testng-results ignored="0" total="3" passed="3" failed="0" skipped="0">
  <reporter-output>
  </reporter-output>
  <suite started-at="2026-03-20T22:08:27 IST" name="CrossBrowserSuite" finished-at="2026-03-20T22:08:42 IST" duration-ms="14919">
    <groups>
    </groups>
    <test started-at="2026-03-20T22:08:27 IST" name="ChromeTest" finished-at="2026-03-20T22:08:32 IST" duration-ms="4416">
      <class name="com.vts.testing.Cross_BrowserTesting.Cross_BrowserTesting">
        <test-method is-config="true" signature="setup(java.lang.String)[pri:0, instance:com.vts.testing.Cross_BrowserTesting.Cross_BrowserTesting@7dfd3c81]" started-at="2026-03-20T22:08:27 IST" name="setup" finished-at="2026-03-20T22:08:29 IST" duration-ms="1129" status="PASS">
          <params>
            <param index="0">
              <value>
                <![CDATA[chrome]]>
              </value>
            </param>
          </params>
          <reporter-output>
          </reporter-output>
        </test-method> <!-- setup -->
        <test-method signature="Login()[pri:0, instance:com.vts.testing.Cross_BrowserTesting.Cross_BrowserTesting@7dfd3c81]" started-at="2026-03-20T22:08:29 IST" name="Login" finished-at="2026-03-20T22:08:32 IST" duration-ms="3040" status="PASS">
          <reporter-output>
          </reporter-output>
        </test-method> <!-- Login -->
        <test-method is-config="true" signature="tearDown()[pri:0, instance:com.vts.testing.Cross_BrowserTesting.Cross_BrowserTesting@7dfd3c81]" started-at="2026-03-20T22:08:32 IST" name="tearDown" finished-at="2026-03-20T22:08:32 IST" duration-ms="135" status="PASS">
          <reporter-output>
          </reporter-output>
        </test-method> <!-- tearDown -->
      </class> <!-- com.vts.testing.Cross_BrowserTesting.Cross_BrowserTesting -->
    </test> <!-- ChromeTest -->
    <test started-at="2026-03-20T22:08:32 IST" name="FirefoxTest" finished-at="2026-03-20T22:08:38 IST" duration-ms="6413">
      <class name="com.vts.testing.Cross_BrowserTesting.Cross_BrowserTesting">
        <test-method is-config="true" signature="setup(java.lang.String)[pri:0, instance:com.vts.testing.Cross_BrowserTesting.Cross_BrowserTesting@17503f6b]" started-at="2026-03-20T22:08:32 IST" name="setup" finished-at="2026-03-20T22:08:35 IST" duration-ms="3057" status="PASS">
          <params>
            <param index="0">
              <value>
                <![CDATA[firefox]]>
              </value>
            </param>
          </params>
          <reporter-output>
          </reporter-output>
        </test-method> <!-- setup -->
        <test-method signature="Login()[pri:0, instance:com.vts.testing.Cross_BrowserTesting.Cross_BrowserTesting@17503f6b]" started-at="2026-03-20T22:08:35 IST" name="Login" finished-at="2026-03-20T22:08:37 IST" duration-ms="2393" status="PASS">
          <reporter-output>
          </reporter-output>
        </test-method> <!-- Login -->
        <test-method is-config="true" signature="tearDown()[pri:0, instance:com.vts.testing.Cross_BrowserTesting.Cross_BrowserTesting@17503f6b]" started-at="2026-03-20T22:08:37 IST" name="tearDown" finished-at="2026-03-20T22:08:38 IST" duration-ms="955" status="PASS">
          <reporter-output>
          </reporter-output>
        </test-method> <!-- tearDown -->
      </class> <!-- com.vts.testing.Cross_BrowserTesting.Cross_BrowserTesting -->
    </test> <!-- FirefoxTest -->
    <test started-at="2026-03-20T22:08:38 IST" name="EdgeTest" finished-at="2026-03-20T22:08:42 IST" duration-ms="4044">
      <class name="com.vts.testing.Cross_BrowserTesting.Cross_BrowserTesting">
        <test-method is-config="true" signature="setup(java.lang.String)[pri:0, instance:com.vts.testing.Cross_BrowserTesting.Cross_BrowserTesting@3b6d844d]" started-at="2026-03-20T22:08:38 IST" name="setup" finished-at="2026-03-20T22:08:39 IST" duration-ms="917" status="PASS">
          <params>
            <param index="0">
              <value>
                <![CDATA[edge]]>
              </value>
            </param>
          </params>
          <reporter-output>
          </reporter-output>
        </test-method> <!-- setup -->
        <test-method signature="Login()[pri:0, instance:com.vts.testing.Cross_BrowserTesting.Cross_BrowserTesting@3b6d844d]" started-at="2026-03-20T22:08:39 IST" name="Login" finished-at="2026-03-20T22:08:42 IST" duration-ms="2969" status="PASS">
          <reporter-output>
          </reporter-output>
        </test-method> <!-- Login -->
        <test-method is-config="true" signature="tearDown()[pri:0, instance:com.vts.testing.Cross_BrowserTesting.Cross_BrowserTesting@3b6d844d]" started-at="2026-03-20T22:08:42 IST" name="tearDown" finished-at="2026-03-20T22:08:42 IST" duration-ms="152" status="PASS">
          <reporter-output>
          </reporter-output>
        </test-method> <!-- tearDown -->
      </class> <!-- com.vts.testing.Cross_BrowserTesting.Cross_BrowserTesting -->
    </test> <!-- EdgeTest -->
  </suite> <!-- CrossBrowserSuite -->
</testng-results>
