<?xml version="1.0" encoding="UTF-8"?>
<!-- Generated by org.testng.reporters.JUnitReportReporter -->
<testsuite hostname="DESKTOP-H12QAKV" failures="0" tests="3" name="com.vts.testing.Cross_BrowserTesting.Cross_BrowserTesting" time="8.402" errors="0" timestamp="2026-03-20T22:08:42 IST" skipped="0">
  <testcase classname="com.vts.testing.Cross_BrowserTesting.Cross_BrowserTesting" name="Login" time="3.040"/>
  <testcase classname="com.vts.testing.Cross_BrowserTesting.Cross_BrowserTesting" name="Login" time="2.393"/>
  <testcase classname="com.vts.testing.Cross_BrowserTesting.Cross_BrowserTesting" name="Login" time="2.969"/>
</testsuite> <!-- com.vts.testing.Cross_BrowserTesting.Cross_BrowserTesting -->
